<?xml version="1.0" encoding="UTF-8"?>
<testng-results ignored="0" total="2" passed="2" failed="0" skipped="0">
  <reporter-output>
  </reporter-output>
  <suite started-at="2023-11-18T00:53:17 SGT" name="Suite" finished-at="2023-11-18T00:53:47 SGT" duration-ms="30018">
    <groups>
      <group name="Master">
        <method signature="TC_001_LoginPageTest.test_login()[pri:0, instance:testCases.TC_001_LoginPageTest@7161d8d1]" name="test_login" class="testCases.TC_001_LoginPageTest"/>
        <method signature="TC_002_LoginTest.test_login()[pri:0, instance:testCases.TC_002_LoginTest@3a7442c7]" name="test_login" class="testCases.TC_002_LoginTest"/>
      </group> <!-- Master -->
      <group name="Sanity">
        <method signature="TC_002_LoginTest.test_login()[pri:0, instance:testCases.TC_002_LoginTest@3a7442c7]" name="test_login" class="testCases.TC_002_LoginTest"/>
      </group> <!-- Sanity -->
      <group name="Regression">
        <method signature="TC_001_LoginPageTest.test_login()[pri:0, instance:testCases.TC_001_LoginPageTest@7161d8d1]" name="test_login" class="testCases.TC_001_LoginPageTest"/>
      </group> <!-- Regression -->
    </groups>
    <test started-at="2023-11-18T00:53:17 SGT" name="Mcch_Admin_TestNG" finished-at="2023-11-18T00:53:47 SGT" duration-ms="30018">
      <class name="testCases.TC_002_LoginTest">
        <test-method is-config="true" signature="setup(java.lang.String)[pri:0, instance:testCases.TC_002_LoginTest@3a7442c7]" started-at="2023-11-18T00:53:32 SGT" name="setup" finished-at="2023-11-18T00:53:38 SGT" duration-ms="6164" status="PASS">
          <params>
            <param index="0">
              <value>
                <![CDATA[chrome]]>
              </value>
            </param>
          </params>
          <reporter-output>
          </reporter-output>
        </test-method> <!-- setup -->
        <test-method signature="test_login()[pri:0, instance:testCases.TC_002_LoginTest@3a7442c7]" started-at="2023-11-18T00:53:38 SGT" name="test_login" finished-at="2023-11-18T00:53:46 SGT" duration-ms="7804" status="PASS">
          <reporter-output>
          </reporter-output>
        </test-method> <!-- test_login -->
        <test-method is-config="true" signature="tearDown()[pri:0, instance:testCases.TC_002_LoginTest@3a7442c7]" started-at="2023-11-18T00:53:46 SGT" name="tearDown" finished-at="2023-11-18T00:53:47 SGT" duration-ms="270" status="PASS">
          <reporter-output>
          </reporter-output>
        </test-method> <!-- tearDown -->
      </class> <!-- testCases.TC_002_LoginTest -->
      <class name="testCases.TC_001_LoginPageTest">
        <test-method is-config="true" signature="setup(java.lang.String)[pri:0, instance:testCases.TC_001_LoginPageTest@7161d8d1]" started-at="2023-11-18T00:53:17 SGT" name="setup" finished-at="2023-11-18T00:53:28 SGT" duration-ms="11142" status="PASS">
          <params>
            <param index="0">
              <value>
                <![CDATA[chrome]]>
              </value>
            </param>
          </params>
          <reporter-output>
          </reporter-output>
        </test-method> <!-- setup -->
        <test-method signature="test_login()[pri:0, instance:testCases.TC_001_LoginPageTest@7161d8d1]" started-at="2023-11-18T00:53:28 SGT" name="test_login" finished-at="2023-11-18T00:53:32 SGT" duration-ms="3822" status="PASS">
          <reporter-output>
          </reporter-output>
        </test-method> <!-- test_login -->
        <test-method is-config="true" signature="tearDown()[pri:0, instance:testCases.TC_001_LoginPageTest@7161d8d1]" started-at="2023-11-18T00:53:32 SGT" name="tearDown" finished-at="2023-11-18T00:53:32 SGT" duration-ms="372" status="PASS">
          <reporter-output>
          </reporter-output>
        </test-method> <!-- tearDown -->
      </class> <!-- testCases.TC_001_LoginPageTest -->
    </test> <!-- Mcch_Admin_TestNG -->
  </suite> <!-- Suite -->
</testng-results>
