<?xml version="1.0" encoding="UTF-8"?>
<testng-results ignored="0" total="2" passed="2" failed="0" skipped="0">
  <reporter-output>
  </reporter-output>
  <suite started-at="2023-11-18T14:15:39 SGT" name="Suite" finished-at="2023-11-18T14:16:18 SGT" duration-ms="38548">
    <groups>
      <group name="Master">
        <method signature="TC_001_LoginPageTest.test_login()[pri:0, instance:testCases.TC_001_LoginPageTest@3e27ba32]" name="test_login" class="testCases.TC_001_LoginPageTest"/>
        <method signature="TC_002_LoginTest.test_login()[pri:0, instance:testCases.TC_002_LoginTest@74d1dc36]" name="test_login" class="testCases.TC_002_LoginTest"/>
      </group> <!-- Master -->
      <group name="Sanity">
        <method signature="TC_002_LoginTest.test_login()[pri:0, instance:testCases.TC_002_LoginTest@74d1dc36]" name="test_login" class="testCases.TC_002_LoginTest"/>
      </group> <!-- Sanity -->
      <group name="Regression">
        <method signature="TC_001_LoginPageTest.test_login()[pri:0, instance:testCases.TC_001_LoginPageTest@3e27ba32]" name="test_login" class="testCases.TC_001_LoginPageTest"/>
      </group> <!-- Regression -->
    </groups>
    <test started-at="2023-11-18T14:15:39 SGT" name="Mcch_Admin_TestNG" finished-at="2023-11-18T14:16:18 SGT" duration-ms="38548">
      <class name="testCases.TC_002_LoginTest">
        <test-method is-config="true" signature="setup(java.lang.String)[pri:0, instance:testCases.TC_002_LoginTest@74d1dc36]" started-at="2023-11-18T14:15:58 SGT" name="setup" finished-at="2023-11-18T14:16:10 SGT" duration-ms="11991" status="PASS">
          <params>
            <param index="0">
              <value>
                <![CDATA[chrome]]>
              </value>
            </param>
          </params>
          <reporter-output>
          </reporter-output>
        </test-method> <!-- setup -->
        <test-method signature="test_login()[pri:0, instance:testCases.TC_002_LoginTest@74d1dc36]" started-at="2023-11-18T14:16:10 SGT" name="test_login" finished-at="2023-11-18T14:16:18 SGT" duration-ms="7155" status="PASS">
          <reporter-output>
          </reporter-output>
        </test-method> <!-- test_login -->
        <test-method is-config="true" signature="tearDown()[pri:0, instance:testCases.TC_002_LoginTest@74d1dc36]" started-at="2023-11-18T14:16:18 SGT" name="tearDown" finished-at="2023-11-18T14:16:18 SGT" duration-ms="244" status="PASS">
          <reporter-output>
          </reporter-output>
        </test-method> <!-- tearDown -->
      </class> <!-- testCases.TC_002_LoginTest -->
      <class name="testCases.TC_001_LoginPageTest">
        <test-method is-config="true" signature="setup(java.lang.String)[pri:0, instance:testCases.TC_001_LoginPageTest@3e27ba32]" started-at="2023-11-18T14:15:40 SGT" name="setup" finished-at="2023-11-18T14:15:49 SGT" duration-ms="9358" status="PASS">
          <params>
            <param index="0">
              <value>
                <![CDATA[chrome]]>
              </value>
            </param>
          </params>
          <reporter-output>
          </reporter-output>
        </test-method> <!-- setup -->
        <test-method signature="test_login()[pri:0, instance:testCases.TC_001_LoginPageTest@3e27ba32]" started-at="2023-11-18T14:15:49 SGT" name="test_login" finished-at="2023-11-18T14:15:58 SGT" duration-ms="9092" status="PASS">
          <reporter-output>
          </reporter-output>
        </test-method> <!-- test_login -->
        <test-method is-config="true" signature="tearDown()[pri:0, instance:testCases.TC_001_LoginPageTest@3e27ba32]" started-at="2023-11-18T14:15:58 SGT" name="tearDown" finished-at="2023-11-18T14:15:58 SGT" duration-ms="233" status="PASS">
          <reporter-output>
          </reporter-output>
        </test-method> <!-- tearDown -->
      </class> <!-- testCases.TC_001_LoginPageTest -->
    </test> <!-- Mcch_Admin_TestNG -->
  </suite> <!-- Suite -->
</testng-results>
